<?xml version="1.0" encoding="UTF-8"?>
<TestRun id="ed83d66b-43fe-4f46-bb51-fc676a83aa44" name="Andrea@CARL 2015-03-24 15:36:26" runUser="CARL\Andrea" xmlns="http://microsoft.com/schemas/VisualStudio/TeamTest/2010">
  <Times creation="2015-03-24T15:36:26.1275833+01:00" queuing="2015-03-24T15:36:26.1275833+01:00" start="2015-03-24T15:36:26.2606715+01:00" finish="2015-03-24T15:36:28.1994624+01:00" />
  <TestSettings name="default" id="7b75aec5-07e4-4e8a-b36e-13c1cbb24d97">
    <Execution>
      <TestTypeSpecific />
    </Execution>
    <Deployment runDeploymentRoot="Andrea_CARL 2015-03-24 15_36_26" />
    <Properties />
  </TestSettings>
  <Results>
    <UnitTestResult executionId="c342fa6b-9330-42ab-9bc8-7f4860187c17" testId="976e6f91-c86f-2052-6196-b8eaff90af74" testName="ThirtyDays" computerName="CARL" duration="00:00:01.4525158" startTime="2015-03-24T15:36:08.9001169+01:00" endTime="2015-03-24T15:36:25.3030326+01:00" testType="13cdc9d9-ddb5-4fa4-a97d-d965ccfc6d4b" outcome="Passed" testListId="8c84fa94-04c1-424b-9868-57a2d4851a1d" relativeResultsDirectory="c342fa6b-9330-42ab-9bc8-7f4860187c17" />
    <UnitTestResult executionId="5724c028-a07f-476d-9a31-8eb3b9e2e2af" testId="bd1222d4-373a-3755-c2df-94bba6f41bc4" testName="testStandardProductDecreaseBy1PreSellIn" computerName="CARL" duration="00:00:00.0532931" startTime="2015-03-24T15:36:25.4926602+01:00" endTime="2015-03-24T15:36:25.5476955+01:00" testType="13cdc9d9-ddb5-4fa4-a97d-d965ccfc6d4b" outcome="Passed" testListId="8c84fa94-04c1-424b-9868-57a2d4851a1d" relativeResultsDirectory="5724c028-a07f-476d-9a31-8eb3b9e2e2af" />
    <UnitTestResult executionId="e3deba6d-f736-4106-acce-55d7dcdb422c" testId="a7e77430-e140-593d-8728-2d98f465058c" testName="testStandardProductDecreaseBy2PostSellIn" computerName="CARL" duration="00:00:00.0023400" startTime="2015-03-24T15:36:25.5597052+01:00" endTime="2015-03-24T15:36:25.5627072+01:00" testType="13cdc9d9-ddb5-4fa4-a97d-d965ccfc6d4b" outcome="Passed" testListId="8c84fa94-04c1-424b-9868-57a2d4851a1d" relativeResultsDirectory="e3deba6d-f736-4106-acce-55d7dcdb422c" />
    <UnitTestResult executionId="81cd2273-9f7c-4e7b-a511-0fba993d5c83" testId="bfa3a639-c039-124d-7b52-3eaa7b208f60" testName="testConjuredProductDecreaseBy2PreSellIn" computerName="CARL" duration="00:00:00.0021715" startTime="2015-03-24T15:36:25.5652098+01:00" endTime="2015-03-24T15:36:25.5997310+01:00" testType="13cdc9d9-ddb5-4fa4-a97d-d965ccfc6d4b" outcome="Passed" testListId="8c84fa94-04c1-424b-9868-57a2d4851a1d" relativeResultsDirectory="81cd2273-9f7c-4e7b-a511-0fba993d5c83" />
    <UnitTestResult executionId="d7ec25dc-6bd7-47ad-b2d4-168da909fbd4" testId="564451f7-4f0b-221c-554b-051f78f6b4e7" testName="testConjuredProductDecreaseBy4PostSellIn" computerName="CARL" duration="00:00:00.0042541" startTime="2015-03-24T15:36:25.5997310+01:00" endTime="2015-03-24T15:36:25.6047344+01:00" testType="13cdc9d9-ddb5-4fa4-a97d-d965ccfc6d4b" outcome="Passed" testListId="8c84fa94-04c1-424b-9868-57a2d4851a1d" relativeResultsDirectory="d7ec25dc-6bd7-47ad-b2d4-168da909fbd4" />
  </Results>
  <TestDefinitions>
    <UnitTest name="ThirtyDays" storage="c:\users\andrea\documents\visual studio 2013\projects\gildedrose\gildedrose_tests\bin\debug\gildedrose_tests.dll" id="976e6f91-c86f-2052-6196-b8eaff90af74">
      <Execution id="c342fa6b-9330-42ab-9bc8-7f4860187c17" />
      <TestMethod codeBase="C:\Users\Andrea\Documents\Visual Studio 2013\Projects\GildedRose\GildedRose_Tests\bin\Debug\GildedRose_Tests.dll" adapterTypeName="Microsoft.VisualStudio.TestTools.TestTypes.Unit.UnitTestAdapter" className="GildedRoseTests.ApprovalTest" name="ThirtyDays" />
    </UnitTest>
    <UnitTest name="testStandardProductDecreaseBy1PreSellIn" storage="c:\users\andrea\documents\visual studio 2013\projects\gildedrose\gildedrose_tests\bin\debug\gildedrose_tests.dll" id="bd1222d4-373a-3755-c2df-94bba6f41bc4">
      <Execution id="5724c028-a07f-476d-9a31-8eb3b9e2e2af" />
      <TestMethod codeBase="C:\Users\Andrea\Documents\Visual Studio 2013\Projects\GildedRose\GildedRose_Tests\bin\Debug\GildedRose_Tests.dll" adapterTypeName="Microsoft.VisualStudio.TestTools.TestTypes.Unit.UnitTestAdapter" className="GildedRose.GildedRoseTest" name="testStandardProductDecreaseBy1PreSellIn" />
    </UnitTest>
    <UnitTest name="testStandardProductDecreaseBy2PostSellIn" storage="c:\users\andrea\documents\visual studio 2013\projects\gildedrose\gildedrose_tests\bin\debug\gildedrose_tests.dll" id="a7e77430-e140-593d-8728-2d98f465058c">
      <Execution id="e3deba6d-f736-4106-acce-55d7dcdb422c" />
      <TestMethod codeBase="C:\Users\Andrea\Documents\Visual Studio 2013\Projects\GildedRose\GildedRose_Tests\bin\Debug\GildedRose_Tests.dll" adapterTypeName="Microsoft.VisualStudio.TestTools.TestTypes.Unit.UnitTestAdapter" className="GildedRose.GildedRoseTest" name="testStandardProductDecreaseBy2PostSellIn" />
    </UnitTest>
    <UnitTest name="testConjuredProductDecreaseBy2PreSellIn" storage="c:\users\andrea\documents\visual studio 2013\projects\gildedrose\gildedrose_tests\bin\debug\gildedrose_tests.dll" id="bfa3a639-c039-124d-7b52-3eaa7b208f60">
      <Execution id="81cd2273-9f7c-4e7b-a511-0fba993d5c83" />
      <TestMethod codeBase="C:\Users\Andrea\Documents\Visual Studio 2013\Projects\GildedRose\GildedRose_Tests\bin\Debug\GildedRose_Tests.dll" adapterTypeName="Microsoft.VisualStudio.TestTools.TestTypes.Unit.UnitTestAdapter" className="GildedRose.GildedRoseTest" name="testConjuredProductDecreaseBy2PreSellIn" />
    </UnitTest>
    <UnitTest name="testConjuredProductDecreaseBy4PostSellIn" storage="c:\users\andrea\documents\visual studio 2013\projects\gildedrose\gildedrose_tests\bin\debug\gildedrose_tests.dll" id="564451f7-4f0b-221c-554b-051f78f6b4e7">
      <Execution id="d7ec25dc-6bd7-47ad-b2d4-168da909fbd4" />
      <TestMethod codeBase="C:\Users\Andrea\Documents\Visual Studio 2013\Projects\GildedRose\GildedRose_Tests\bin\Debug\GildedRose_Tests.dll" adapterTypeName="Microsoft.VisualStudio.TestTools.TestTypes.Unit.UnitTestAdapter" className="GildedRose.GildedRoseTest" name="testConjuredProductDecreaseBy4PostSellIn" />
    </UnitTest>
  </TestDefinitions>
  <TestEntries>
    <TestEntry testId="976e6f91-c86f-2052-6196-b8eaff90af74" executionId="c342fa6b-9330-42ab-9bc8-7f4860187c17" testListId="8c84fa94-04c1-424b-9868-57a2d4851a1d" />
    <TestEntry testId="bd1222d4-373a-3755-c2df-94bba6f41bc4" executionId="5724c028-a07f-476d-9a31-8eb3b9e2e2af" testListId="8c84fa94-04c1-424b-9868-57a2d4851a1d" />
    <TestEntry testId="a7e77430-e140-593d-8728-2d98f465058c" executionId="e3deba6d-f736-4106-acce-55d7dcdb422c" testListId="8c84fa94-04c1-424b-9868-57a2d4851a1d" />
    <TestEntry testId="bfa3a639-c039-124d-7b52-3eaa7b208f60" executionId="81cd2273-9f7c-4e7b-a511-0fba993d5c83" testListId="8c84fa94-04c1-424b-9868-57a2d4851a1d" />
    <TestEntry testId="564451f7-4f0b-221c-554b-051f78f6b4e7" executionId="d7ec25dc-6bd7-47ad-b2d4-168da909fbd4" testListId="8c84fa94-04c1-424b-9868-57a2d4851a1d" />
  </TestEntries>
  <TestLists>
    <TestList name="Results Not in a List" id="8c84fa94-04c1-424b-9868-57a2d4851a1d" />
    <TestList name="All Loaded Results" id="19431567-8539-422a-85d7-44ee4e166bda" />
  </TestLists>
  <ResultSummary outcome="Completed">
    <Counters total="5" executed="5" passed="5" failed="0" error="0" timeout="0" aborted="0" inconclusive="0" passedButRunAborted="0" notRunnable="0" notExecuted="0" disconnected="0" warning="0" completed="0" inProgress="0" pending="0" />
  </ResultSummary>
</TestRun>